2026-05-19 15:02:14,027 INFO o.a.j.u.JMeterUtils: Setting Locale to en_EN
2026-05-19 15:02:14,034 INFO o.a.j.JMeter: Loading user properties from: /opt/apache-jmeter-5.6.3/bin/user.properties
2026-05-19 15:02:14,035 INFO o.a.j.JMeter: Loading system properties from: /opt/apache-jmeter-5.6.3/bin/system.properties
2026-05-19 15:02:14,037 INFO o.a.j.JMeter: Copyright (c) 1998-2024 The Apache Software Foundation
2026-05-19 15:02:14,037 INFO o.a.j.JMeter: Version 5.6.3
2026-05-19 15:02:14,037 INFO o.a.j.JMeter: java.version=21.0.11
2026-05-19 15:02:14,037 INFO o.a.j.JMeter: java.vm.name=OpenJDK 64-Bit Server VM
2026-05-19 15:02:14,037 INFO o.a.j.JMeter: os.name=Linux
2026-05-19 15:02:14,037 INFO o.a.j.JMeter: os.arch=aarch64
2026-05-19 15:02:14,037 INFO o.a.j.JMeter: os.version=6.12.54-linuxkit
2026-05-19 15:02:14,037 INFO o.a.j.JMeter: file.encoding=UTF-8
2026-05-19 15:02:14,037 INFO o.a.j.JMeter: java.awt.headless=true
2026-05-19 15:02:14,037 INFO o.a.j.JMeter: Max memory     =1073741824
2026-05-19 15:02:14,037 INFO o.a.j.JMeter: Available Processors =16
2026-05-19 15:02:14,042 INFO o.a.j.JMeter: Default Locale=English (EN)
2026-05-19 15:02:14,042 INFO o.a.j.JMeter: JMeter  Locale=English (EN)
2026-05-19 15:02:14,042 INFO o.a.j.JMeter: JMeterHome=/opt/apache-jmeter-5.6.3
2026-05-19 15:02:14,042 INFO o.a.j.JMeter: user.dir  =/workspace/cloudpos4u-qa
2026-05-19 15:02:14,042 INFO o.a.j.JMeter: PWD       =/workspace/cloudpos4u-qa
2026-05-19 15:02:14,042 INFO o.a.j.JMeter: IP: 172.17.0.3 Name: f16fc8b6400f FullName: f16fc8b6400f
2026-05-19 15:02:14,047 INFO o.a.j.JMeter: Setting property 'jmeter.reportgenerator.outputdir' to:'/workspace/cloudpos4u-qa/reports/jmeter-report'
2026-05-19 15:02:14,048 INFO o.a.j.s.FileServer: Default base='/workspace/cloudpos4u-qa'
2026-05-19 15:02:14,049 INFO o.a.j.s.FileServer: Set new base='/workspace/cloudpos4u-qa/performance'
2026-05-19 15:02:14,114 INFO o.a.j.s.SaveService: Testplan (JMX) version: 2.2. Testlog (JTL) version: 2.2
2026-05-19 15:02:14,127 INFO o.a.j.s.SaveService: Using SaveService properties version 5.0
2026-05-19 15:02:14,128 INFO o.a.j.s.SaveService: Using SaveService properties file encoding UTF-8
2026-05-19 15:02:14,130 INFO o.a.j.s.SaveService: Loading file: performance/cloudpos4u-performance.jmx
2026-05-19 15:02:14,153 INFO o.a.j.p.h.s.HTTPSamplerBase: Parser for text/html is org.apache.jmeter.protocol.http.parser.LagartoBasedHtmlParser
2026-05-19 15:02:14,153 INFO o.a.j.p.h.s.HTTPSamplerBase: Parser for application/xhtml+xml is org.apache.jmeter.protocol.http.parser.LagartoBasedHtmlParser
2026-05-19 15:02:14,153 INFO o.a.j.p.h.s.HTTPSamplerBase: Parser for application/xml is org.apache.jmeter.protocol.http.parser.LagartoBasedHtmlParser
2026-05-19 15:02:14,153 INFO o.a.j.p.h.s.HTTPSamplerBase: Parser for text/xml is org.apache.jmeter.protocol.http.parser.LagartoBasedHtmlParser
2026-05-19 15:02:14,153 INFO o.a.j.p.h.s.HTTPSamplerBase: Parser for text/vnd.wap.wml is org.apache.jmeter.protocol.http.parser.RegexpHTMLParser
2026-05-19 15:02:14,153 INFO o.a.j.p.h.s.HTTPSamplerBase: Parser for text/css is org.apache.jmeter.protocol.http.parser.CssParser
2026-05-19 15:02:14,169 INFO o.a.j.JMeter: Creating summariser <summary>
2026-05-19 15:02:14,170 INFO o.a.j.r.d.ReportGenerator: ReportGenerator will use for Parsing the separator: ','
2026-05-19 15:02:14,170 INFO o.a.j.r.d.ReportGenerator: Will generate report at end of test from  results file: reports/jmeter-results.jtl
2026-05-19 15:02:14,171 INFO o.a.j.r.d.ReportGenerator: Reading report generator properties from: /opt/apache-jmeter-5.6.3/bin/reportgenerator.properties
2026-05-19 15:02:14,171 INFO o.a.j.r.d.ReportGenerator: Merging with JMeter properties
2026-05-19 15:02:14,172 INFO o.a.j.r.c.ReportGeneratorConfiguration: Property 'jmeter.reportgenerator.temp_dir' not found, using default value 'temp' instead.
2026-05-19 15:02:14,173 INFO o.a.j.r.c.ReportGeneratorConfiguration: Property 'jmeter.reportgenerator.apdex_per_transaction' not found, using default value 'null' instead.
2026-05-19 15:02:14,173 INFO o.a.j.r.c.ReportGeneratorConfiguration: apdex_per_transaction is empty, not APDEX per transaction customization
2026-05-19 15:02:14,173 INFO o.a.j.r.c.ReportGeneratorConfiguration: Property 'jmeter.reportgenerator.sample_filter' not found, using default value 'null' instead.
2026-05-19 15:02:14,173 INFO o.a.j.r.c.ReportGeneratorConfiguration: Property 'jmeter.reportgenerator.report_title' not found, using default value 'null' instead.
2026-05-19 15:02:14,173 INFO o.a.j.r.c.ReportGeneratorConfiguration: Property 'jmeter.reportgenerator.start_date' not found, using default value 'null' instead.
2026-05-19 15:02:14,174 INFO o.a.j.r.c.ReportGeneratorConfiguration: Property 'jmeter.reportgenerator.end_date' not found, using default value 'null' instead.
2026-05-19 15:02:14,174 INFO o.a.j.r.c.ReportGeneratorConfiguration: Property 'jmeter.reportgenerator.date_format' not found, using default value 'null' instead.
2026-05-19 15:02:14,174 INFO o.a.j.r.c.ReportGeneratorConfiguration: Will use date range start date: null, end date: null
2026-05-19 15:02:14,175 INFO o.a.j.r.c.ReportGeneratorConfiguration: Property 'jmeter.reportgenerator.graph.totalTPS.exclude_controllers' not found, using default value 'false' instead.
2026-05-19 15:02:14,175 INFO o.a.j.r.c.ReportGeneratorConfiguration: Property 'jmeter.reportgenerator.graph.activeThreadsOverTime.exclude_controllers' not found, using default value 'false' instead.
2026-05-19 15:02:14,175 INFO o.a.j.r.c.ReportGeneratorConfiguration: Property 'jmeter.reportgenerator.graph.timeVsThreads.exclude_controllers' not found, using default value 'false' instead.
2026-05-19 15:02:14,176 INFO o.a.j.r.c.ReportGeneratorConfiguration: Property 'jmeter.reportgenerator.graph.responseTimeDistribution.exclude_controllers' not found, using default value 'false' instead.
2026-05-19 15:02:14,176 INFO o.a.j.r.c.ReportGeneratorConfiguration: Property 'jmeter.reportgenerator.graph.transactionsPerSecond.exclude_controllers' not found, using default value 'false' instead.
2026-05-19 15:02:14,176 INFO o.a.j.r.c.ReportGeneratorConfiguration: Property 'jmeter.reportgenerator.graph.responseTimePercentiles.exclude_controllers' not found, using default value 'false' instead.
2026-05-19 15:02:14,176 INFO o.a.j.r.c.ReportGeneratorConfiguration: Property 'jmeter.reportgenerator.graph.responseTimePercentilesOverTime.exclude_controllers' not found, using default value 'false' instead.
2026-05-19 15:02:14,176 INFO o.a.j.r.c.ReportGeneratorConfiguration: Property 'jmeter.reportgenerator.graph.responseTimesOverTime.exclude_controllers' not found, using default value 'false' instead.
2026-05-19 15:02:14,176 INFO o.a.j.r.c.ReportGeneratorConfiguration: Property 'jmeter.reportgenerator.graph.connectTimeOverTime.exclude_controllers' not found, using default value 'false' instead.
2026-05-19 15:02:14,176 INFO o.a.j.r.c.ReportGeneratorConfiguration: Property 'jmeter.reportgenerator.graph.latenciesOverTime.exclude_controllers' not found, using default value 'false' instead.
2026-05-19 15:02:14,177 INFO o.a.j.r.c.ReportGeneratorConfiguration: Property 'jmeter.reportgenerator.exporter.json.filters_only_sample_series' not found, using default value 'true' instead.
2026-05-19 15:02:14,177 INFO o.a.j.r.c.ReportGeneratorConfiguration: Property 'jmeter.reportgenerator.exporter.json.series_filter' not found, using default value '' instead.
2026-05-19 15:02:14,177 INFO o.a.j.r.c.ReportGeneratorConfiguration: Property 'jmeter.reportgenerator.exporter.json.show_controllers_only' not found, using default value 'false' instead.
2026-05-19 15:02:14,177 INFO o.a.j.r.c.ReportGeneratorConfiguration: Property 'jmeter.reportgenerator.exporter.html.filters_only_sample_series' not found, using default value 'true' instead.
2026-05-19 15:02:14,177 INFO o.a.j.r.c.ReportGeneratorConfiguration: Property 'jmeter.reportgenerator.exporter.html.series_filter' not found, using default value '' instead.
2026-05-19 15:02:14,177 INFO o.a.j.r.c.ReportGeneratorConfiguration: Property 'jmeter.reportgenerator.exporter.html.show_controllers_only' not found, using default value 'false' instead.
2026-05-19 15:02:14,182 INFO o.a.j.e.StandardJMeterEngine: Running the test!
2026-05-19 15:02:14,183 INFO o.a.j.s.SampleEvent: List of sample_variables: []
2026-05-19 15:02:14,184 INFO o.a.j.s.SampleEvent: List of sample_variables: []
2026-05-19 15:02:14,185 INFO o.a.j.e.u.CompoundVariable: Note: Function class names must contain the string: '.functions.'
2026-05-19 15:02:14,185 INFO o.a.j.e.u.CompoundVariable: Note: Function class names must not contain the string: '.gui.'
2026-05-19 15:02:14,210 INFO o.a.j.JMeter: Running test (1779202934210)
2026-05-19 15:02:14,220 INFO o.a.j.e.StandardJMeterEngine: Starting ThreadGroup: 1 : Thread Group
2026-05-19 15:02:14,220 INFO o.a.j.e.StandardJMeterEngine: Starting 5 threads for group Thread Group.
2026-05-19 15:02:14,220 INFO o.a.j.e.StandardJMeterEngine: Thread will continue on error
2026-05-19 15:02:14,221 INFO o.a.j.t.ThreadGroup: Starting thread group... number=1 threads=5 ramp-up=10 delayedStart=false
2026-05-19 15:02:14,224 INFO o.a.j.t.JMeterThread: Thread started: Thread Group 1-1
2026-05-19 15:02:14,225 INFO o.a.j.t.ThreadGroup: Started thread group number 1
2026-05-19 15:02:14,225 INFO o.a.j.e.StandardJMeterEngine: All thread groups have been started
2026-05-19 15:02:14,230 INFO o.a.j.p.h.s.HTTPHCAbstractImpl: Local host = f16fc8b6400f
2026-05-19 15:02:14,232 INFO o.a.j.p.h.s.HTTPHC4Impl: HTTP request retry count = 0
2026-05-19 15:02:14,232 INFO o.a.j.s.SampleResult: Note: Sample TimeStamps are START times
2026-05-19 15:02:14,232 INFO o.a.j.s.SampleResult: sampleresult.default.encoding is set to UTF-8
2026-05-19 15:02:14,232 INFO o.a.j.s.SampleResult: sampleresult.useNanoTime=true
2026-05-19 15:02:14,232 INFO o.a.j.s.SampleResult: sampleresult.nanoThreadSleep=5000
2026-05-19 15:02:14,264 INFO o.a.j.p.h.s.h.LazyLayeredConnectionSocketFactory: Setting up HTTPS TrustAll Socket Factory
2026-05-19 15:02:14,267 INFO o.a.j.u.JsseSSLManager: Using default SSL protocol: TLS
2026-05-19 15:02:14,267 INFO o.a.j.u.JsseSSLManager: SSL session context: per-thread
2026-05-19 15:02:14,429 INFO o.a.j.u.SSLManager: JmeterKeyStore Location:  type JKS
2026-05-19 15:02:14,431 INFO o.a.j.u.SSLManager: KeyStore created OK
2026-05-19 15:02:14,431 WARN o.a.j.u.SSLManager: Keystore file not found, loading empty keystore
2026-05-19 15:02:16,225 INFO o.a.j.t.JMeterThread: Thread started: Thread Group 1-2
2026-05-19 15:02:16,986 INFO o.a.j.t.JMeterThread: Thread is done: Thread Group 1-1
2026-05-19 15:02:16,987 INFO o.a.j.t.JMeterThread: Thread finished: Thread Group 1-1
2026-05-19 15:02:18,226 INFO o.a.j.t.JMeterThread: Thread started: Thread Group 1-3
2026-05-19 15:02:18,774 INFO o.a.j.t.JMeterThread: Thread is done: Thread Group 1-2
2026-05-19 15:02:18,775 INFO o.a.j.t.JMeterThread: Thread finished: Thread Group 1-2
2026-05-19 15:02:20,226 INFO o.a.j.t.JMeterThread: Thread started: Thread Group 1-4
2026-05-19 15:02:21,159 INFO o.a.j.t.JMeterThread: Thread is done: Thread Group 1-3
2026-05-19 15:02:21,160 INFO o.a.j.t.JMeterThread: Thread finished: Thread Group 1-3
2026-05-19 15:02:22,224 INFO o.a.j.t.JMeterThread: Thread started: Thread Group 1-5
2026-05-19 15:02:22,638 INFO o.a.j.t.JMeterThread: Thread is done: Thread Group 1-4
2026-05-19 15:02:22,638 INFO o.a.j.t.JMeterThread: Thread finished: Thread Group 1-4
2026-05-19 15:02:25,088 INFO o.a.j.t.JMeterThread: Thread is done: Thread Group 1-5
2026-05-19 15:02:25,089 INFO o.a.j.t.JMeterThread: Thread finished: Thread Group 1-5
2026-05-19 15:02:25,090 INFO o.a.j.e.StandardJMeterEngine: Notifying test listeners of end of test
2026-05-19 15:02:25,096 INFO o.a.j.r.Summariser: summary =     20 in 00:00:11 =    1.8/s Avg:   669 Min:     0 Max:  1725 Err:     0 (0.00%)
2026-05-19 15:02:25,097 INFO o.a.j.JMeter: Generating Dashboard
2026-05-19 15:02:25,097 INFO o.a.j.r.d.ReportGenerator: Flushing result collector before report Generation
2026-05-19 15:02:25,110 INFO o.a.j.r.p.NormalizerSampleConsumer: Using format, 'ms', to parse timeStamp field
2026-05-19 15:02:25,145 INFO o.a.j.r.p.AbstractSampleConsumer: class org.apache.jmeter.report.processor.AggregateConsumer#stopProducing(): beginDate produced 0 samples
2026-05-19 15:02:25,146 INFO o.a.j.r.p.AbstractSampleConsumer: class org.apache.jmeter.report.processor.AggregateConsumer#stopProducing(): endDate produced 0 samples
2026-05-19 15:02:25,147 INFO o.a.j.r.p.AbstractSampleConsumer: class org.apache.jmeter.report.processor.ApdexSummaryConsumer#stopProducing(): apdexSummary produced 0 samples
2026-05-19 15:02:25,147 INFO o.a.j.r.p.AbstractSampleConsumer: class org.apache.jmeter.report.processor.RequestsSummaryConsumer#stopProducing(): requestsSummary produced 0 samples
2026-05-19 15:02:25,148 INFO o.a.j.r.p.AbstractSampleConsumer: class org.apache.jmeter.report.processor.StatisticsSummaryConsumer#stopProducing(): statisticsSummary produced 0 samples
2026-05-19 15:02:25,150 INFO o.a.j.r.p.AbstractSampleConsumer: class org.apache.jmeter.report.processor.Top5ErrorsBySamplerConsumer#stopProducing(): top5ErrorsBySampler produced 0 samples
2026-05-19 15:02:25,150 INFO o.a.j.r.p.AbstractSampleConsumer: class org.apache.jmeter.report.processor.ErrorsSummaryConsumer#stopProducing(): errorsSummary produced 0 samples
2026-05-19 15:02:25,150 INFO o.a.j.r.p.AbstractSampleConsumer: class org.apache.jmeter.report.processor.graph.impl.HitsPerSecondGraphConsumer#stopProducing(): hitsPerSecond produced 0 samples
2026-05-19 15:02:25,157 INFO o.a.j.r.p.AbstractSampleConsumer: class org.apache.jmeter.report.processor.graph.impl.LatencyVSRequestGraphConsumer#stopProducing(): latencyVsRequest produced 0 samples
2026-05-19 15:02:25,157 INFO o.a.j.r.p.AbstractSampleConsumer: class org.apache.jmeter.report.processor.graph.impl.SyntheticResponseTimeDistributionGraphConsumer#stopProducing(): syntheticResponseTimeDistribution produced 0 samples
2026-05-19 15:02:25,158 INFO o.a.j.r.p.AbstractSampleConsumer: class org.apache.jmeter.report.processor.graph.impl.BytesThroughputGraphConsumer#stopProducing(): bytesThroughputOverTime produced 0 samples
2026-05-19 15:02:25,158 INFO o.a.j.r.p.AbstractSampleConsumer: class org.apache.jmeter.report.processor.graph.impl.CodesPerSecondGraphConsumer#stopProducing(): codesPerSecond produced 0 samples
2026-05-19 15:02:25,159 INFO o.a.j.r.p.AbstractSampleConsumer: class org.apache.jmeter.report.processor.graph.impl.ResponseTimeVSRequestGraphConsumer#stopProducing(): responseTimeVsRequest produced 0 samples
2026-05-19 15:02:25,160 INFO o.a.j.r.p.AbstractSampleConsumer: class org.apache.jmeter.report.processor.FilterConsumer#stopProducing(): startIntervalControlerFilter produced 210 samples
2026-05-19 15:02:25,160 INFO o.a.j.r.p.AbstractSampleConsumer: class org.apache.jmeter.report.processor.graph.impl.TotalTPSGraphConsumer#stopProducing(): totalTPS produced 0 samples
2026-05-19 15:02:25,160 INFO o.a.j.r.p.AbstractSampleConsumer: class org.apache.jmeter.report.processor.graph.impl.ActiveThreadsGraphConsumer#stopProducing(): activeThreadsOverTime produced 0 samples
2026-05-19 15:02:25,160 INFO o.a.j.r.p.AbstractSampleConsumer: class org.apache.jmeter.report.processor.graph.impl.TimeVSThreadGraphConsumer#stopProducing(): timeVsThreads produced 0 samples
2026-05-19 15:02:25,160 INFO o.a.j.r.p.AbstractSampleConsumer: class org.apache.jmeter.report.processor.graph.impl.ResponseTimeDistributionGraphConsumer#stopProducing(): responseTimeDistribution produced 0 samples
2026-05-19 15:02:25,160 INFO o.a.j.r.p.AbstractSampleConsumer: class org.apache.jmeter.report.processor.graph.impl.TransactionsPerSecondGraphConsumer#stopProducing(): transactionsPerSecond produced 0 samples
2026-05-19 15:02:25,160 INFO o.a.j.r.p.AbstractSampleConsumer: class org.apache.jmeter.report.processor.graph.impl.ResponseTimePercentilesGraphConsumer#stopProducing(): responseTimePercentiles produced 0 samples
2026-05-19 15:02:25,161 INFO o.a.j.r.p.AbstractSampleConsumer: class org.apache.jmeter.report.processor.graph.impl.ResponseTimePercentilesOverTimeGraphConsumer#stopProducing(): responseTimePercentilesOverTime produced 0 samples
2026-05-19 15:02:25,162 INFO o.a.j.r.p.AbstractSampleConsumer: class org.apache.jmeter.report.processor.graph.impl.ResponseTimeOverTimeGraphConsumer#stopProducing(): responseTimesOverTime produced 0 samples
2026-05-19 15:02:25,162 INFO o.a.j.r.p.AbstractSampleConsumer: class org.apache.jmeter.report.processor.graph.impl.ConnectTimeOverTimeGraphConsumer#stopProducing(): connectTimeOverTime produced 0 samples
2026-05-19 15:02:25,162 INFO o.a.j.r.p.AbstractSampleConsumer: class org.apache.jmeter.report.processor.graph.impl.LatencyOverTimeGraphConsumer#stopProducing(): latenciesOverTime produced 0 samples
2026-05-19 15:02:25,162 INFO o.a.j.r.p.AbstractSampleConsumer: class org.apache.jmeter.report.processor.FilterConsumer#stopProducing(): nameFilter produced 450 samples
2026-05-19 15:02:25,162 INFO o.a.j.r.p.AbstractSampleConsumer: class org.apache.jmeter.report.processor.FilterConsumer#stopProducing(): dateRangeFilter produced 90 samples
2026-05-19 15:02:25,163 INFO o.a.j.r.p.AbstractSampleConsumer: class org.apache.jmeter.report.processor.NormalizerSampleConsumer#stopProducing(): normalizer produced 30 samples
2026-05-19 15:02:25,163 INFO o.a.j.r.p.CsvFileSampleSource: produce(): 30 samples produced in 38ms on channel 0
2026-05-19 15:02:25,163 INFO o.a.j.r.d.ReportGenerator: Exporting data using exporter:'json' of className:'org.apache.jmeter.report.dashboard.JsonExporter'
2026-05-19 15:02:25,193 INFO o.a.j.r.d.JsonExporter: Found data for consumer statisticsSummary in context
2026-05-19 15:02:25,193 INFO o.a.j.r.d.JsonExporter: Creating statistics for overall
2026-05-19 15:02:25,194 INFO o.a.j.r.d.JsonExporter: Creating statistics for other transactions
2026-05-19 15:02:25,194 INFO o.a.j.r.d.JsonExporter: Checking output folder
2026-05-19 15:02:25,194 INFO o.a.j.r.d.JsonExporter: Writing statistics JSON to /workspace/cloudpos4u-qa/reports/jmeter-report/statistics.json
2026-05-19 15:02:25,213 INFO o.a.j.r.d.ReportGenerator: Exporting data using exporter:'html' of className:'org.apache.jmeter.report.dashboard.HtmlTemplateExporter'
2026-05-19 15:02:25,215 INFO o.a.j.r.d.HtmlTemplateExporter: Will generate dashboard in folder: /workspace/cloudpos4u-qa/reports/jmeter-report
2026-05-19 15:02:25,253 INFO o.a.j.r.d.HtmlTemplateExporter: Report will be generated in: /workspace/cloudpos4u-qa/reports/jmeter-report, creating folder structure
2026-05-19 15:02:25,254 INFO o.a.j.r.d.TemplateVisitor: Copying folder from '/opt/apache-jmeter-5.6.3/bin/report-template' to '/workspace/cloudpos4u-qa/reports/jmeter-report', got message: /workspace/cloudpos4u-qa/reports/jmeter-report, found non empty folder with following content [/workspace/cloudpos4u-qa/reports/jmeter-report/statistics.json], will be ignored
2026-05-19 15:02:25,370 INFO o.a.j.JMeter: Dashboard generated
