2026-05-19 15:53:02,196 INFO o.a.j.u.JMeterUtils: Setting Locale to en_EN
2026-05-19 15:53:02,206 INFO o.a.j.JMeter: Loading user properties from: /opt/homebrew/Cellar/jmeter/5.6.3/libexec/bin/user.properties
2026-05-19 15:53:02,206 INFO o.a.j.JMeter: Loading system properties from: /opt/homebrew/Cellar/jmeter/5.6.3/libexec/bin/system.properties
2026-05-19 15:53:02,209 INFO o.a.j.JMeter: Copyright (c) 1998-2024 The Apache Software Foundation
2026-05-19 15:53:02,209 INFO o.a.j.JMeter: Version 5.6.3
2026-05-19 15:53:02,209 INFO o.a.j.JMeter: java.version=21.0.11
2026-05-19 15:53:02,209 INFO o.a.j.JMeter: java.vm.name=OpenJDK 64-Bit Server VM
2026-05-19 15:53:02,209 INFO o.a.j.JMeter: os.name=Mac OS X
2026-05-19 15:53:02,209 INFO o.a.j.JMeter: os.arch=aarch64
2026-05-19 15:53:02,209 INFO o.a.j.JMeter: os.version=26.3.1
2026-05-19 15:53:02,209 INFO o.a.j.JMeter: file.encoding=UTF-8
2026-05-19 15:53:02,209 INFO o.a.j.JMeter: java.awt.headless=true
2026-05-19 15:53:02,209 INFO o.a.j.JMeter: Max memory     =1073741824
2026-05-19 15:53:02,209 INFO o.a.j.JMeter: Available Processors =16
2026-05-19 15:53:02,213 INFO o.a.j.JMeter: Default Locale=English (EN)
2026-05-19 15:53:02,213 INFO o.a.j.JMeter: JMeter  Locale=English (EN)
2026-05-19 15:53:02,213 INFO o.a.j.JMeter: JMeterHome=/opt/homebrew/Cellar/jmeter/5.6.3/libexec
2026-05-19 15:53:02,213 INFO o.a.j.JMeter: user.dir  =/Users/naqashthaheem/PyCharmMiscProject/cloudpos4u-qa
2026-05-19 15:53:02,213 INFO o.a.j.JMeter: PWD       =/Users/naqashthaheem/PyCharmMiscProject/cloudpos4u-qa
2026-05-19 15:53:02,226 INFO o.a.j.JMeter: IP: 192.168.70.135 Name: Mac FullName: 192.168.70.135
2026-05-19 15:53:02,231 INFO o.a.j.JMeter: Setting property 'jmeter.reportgenerator.outputdir' to:'/Users/naqashthaheem/PyCharmMiscProject/cloudpos4u-qa/reports/jmeter-report'
2026-05-19 15:53:02,232 INFO o.a.j.s.FileServer: Default base='/Users/naqashthaheem/PyCharmMiscProject/cloudpos4u-qa'
2026-05-19 15:53:02,233 INFO o.a.j.s.FileServer: Set new base='/Users/naqashthaheem/PyCharmMiscProject/cloudpos4u-qa/performance'
2026-05-19 15:53:02,297 INFO o.a.j.s.SaveService: Testplan (JMX) version: 2.2. Testlog (JTL) version: 2.2
2026-05-19 15:53:02,309 INFO o.a.j.s.SaveService: Using SaveService properties version 5.0
2026-05-19 15:53:02,310 INFO o.a.j.s.SaveService: Using SaveService properties file encoding UTF-8
2026-05-19 15:53:02,311 INFO o.a.j.s.SaveService: Loading file: performance/cloudpos4u-performance.jmx
2026-05-19 15:53:02,331 INFO o.a.j.p.h.s.HTTPSamplerBase: Parser for text/html is org.apache.jmeter.protocol.http.parser.LagartoBasedHtmlParser
2026-05-19 15:53:02,331 INFO o.a.j.p.h.s.HTTPSamplerBase: Parser for application/xhtml+xml is org.apache.jmeter.protocol.http.parser.LagartoBasedHtmlParser
2026-05-19 15:53:02,331 INFO o.a.j.p.h.s.HTTPSamplerBase: Parser for application/xml is org.apache.jmeter.protocol.http.parser.LagartoBasedHtmlParser
2026-05-19 15:53:02,331 INFO o.a.j.p.h.s.HTTPSamplerBase: Parser for text/xml is org.apache.jmeter.protocol.http.parser.LagartoBasedHtmlParser
2026-05-19 15:53:02,331 INFO o.a.j.p.h.s.HTTPSamplerBase: Parser for text/vnd.wap.wml is org.apache.jmeter.protocol.http.parser.RegexpHTMLParser
2026-05-19 15:53:02,331 INFO o.a.j.p.h.s.HTTPSamplerBase: Parser for text/css is org.apache.jmeter.protocol.http.parser.CssParser
2026-05-19 15:53:02,347 INFO o.a.j.JMeter: Creating summariser <summary>
2026-05-19 15:53:02,348 INFO o.a.j.r.d.ReportGenerator: ReportGenerator will use for Parsing the separator: ','
2026-05-19 15:53:02,349 INFO o.a.j.r.d.ReportGenerator: Will generate report at end of test from  results file: reports/jmeter-results.jtl
2026-05-19 15:53:02,349 INFO o.a.j.r.d.ReportGenerator: Reading report generator properties from: /opt/homebrew/Cellar/jmeter/5.6.3/libexec/bin/reportgenerator.properties
2026-05-19 15:53:02,349 INFO o.a.j.r.d.ReportGenerator: Merging with JMeter properties
2026-05-19 15:53:02,351 INFO o.a.j.r.c.ReportGeneratorConfiguration: Property 'jmeter.reportgenerator.temp_dir' not found, using default value 'temp' instead.
2026-05-19 15:53:02,351 INFO o.a.j.r.c.ReportGeneratorConfiguration: Property 'jmeter.reportgenerator.apdex_per_transaction' not found, using default value 'null' instead.
2026-05-19 15:53:02,351 INFO o.a.j.r.c.ReportGeneratorConfiguration: apdex_per_transaction is empty, not APDEX per transaction customization
2026-05-19 15:53:02,351 INFO o.a.j.r.c.ReportGeneratorConfiguration: Property 'jmeter.reportgenerator.sample_filter' not found, using default value 'null' instead.
2026-05-19 15:53:02,351 INFO o.a.j.r.c.ReportGeneratorConfiguration: Property 'jmeter.reportgenerator.report_title' not found, using default value 'null' instead.
2026-05-19 15:53:02,352 INFO o.a.j.r.c.ReportGeneratorConfiguration: Property 'jmeter.reportgenerator.start_date' not found, using default value 'null' instead.
2026-05-19 15:53:02,352 INFO o.a.j.r.c.ReportGeneratorConfiguration: Property 'jmeter.reportgenerator.end_date' not found, using default value 'null' instead.
2026-05-19 15:53:02,352 INFO o.a.j.r.c.ReportGeneratorConfiguration: Property 'jmeter.reportgenerator.date_format' not found, using default value 'null' instead.
2026-05-19 15:53:02,352 INFO o.a.j.r.c.ReportGeneratorConfiguration: Will use date range start date: null, end date: null
2026-05-19 15:53:02,353 INFO o.a.j.r.c.ReportGeneratorConfiguration: Property 'jmeter.reportgenerator.graph.totalTPS.exclude_controllers' not found, using default value 'false' instead.
2026-05-19 15:53:02,353 INFO o.a.j.r.c.ReportGeneratorConfiguration: Property 'jmeter.reportgenerator.graph.activeThreadsOverTime.exclude_controllers' not found, using default value 'false' instead.
2026-05-19 15:53:02,353 INFO o.a.j.r.c.ReportGeneratorConfiguration: Property 'jmeter.reportgenerator.graph.timeVsThreads.exclude_controllers' not found, using default value 'false' instead.
2026-05-19 15:53:02,354 INFO o.a.j.r.c.ReportGeneratorConfiguration: Property 'jmeter.reportgenerator.graph.responseTimeDistribution.exclude_controllers' not found, using default value 'false' instead.
2026-05-19 15:53:02,354 INFO o.a.j.r.c.ReportGeneratorConfiguration: Property 'jmeter.reportgenerator.graph.transactionsPerSecond.exclude_controllers' not found, using default value 'false' instead.
2026-05-19 15:53:02,354 INFO o.a.j.r.c.ReportGeneratorConfiguration: Property 'jmeter.reportgenerator.graph.responseTimePercentiles.exclude_controllers' not found, using default value 'false' instead.
2026-05-19 15:53:02,354 INFO o.a.j.r.c.ReportGeneratorConfiguration: Property 'jmeter.reportgenerator.graph.responseTimePercentilesOverTime.exclude_controllers' not found, using default value 'false' instead.
2026-05-19 15:53:02,354 INFO o.a.j.r.c.ReportGeneratorConfiguration: Property 'jmeter.reportgenerator.graph.responseTimesOverTime.exclude_controllers' not found, using default value 'false' instead.
2026-05-19 15:53:02,354 INFO o.a.j.r.c.ReportGeneratorConfiguration: Property 'jmeter.reportgenerator.graph.connectTimeOverTime.exclude_controllers' not found, using default value 'false' instead.
2026-05-19 15:53:02,354 INFO o.a.j.r.c.ReportGeneratorConfiguration: Property 'jmeter.reportgenerator.graph.latenciesOverTime.exclude_controllers' not found, using default value 'false' instead.
2026-05-19 15:53:02,354 INFO o.a.j.r.c.ReportGeneratorConfiguration: Property 'jmeter.reportgenerator.exporter.json.filters_only_sample_series' not found, using default value 'true' instead.
2026-05-19 15:53:02,354 INFO o.a.j.r.c.ReportGeneratorConfiguration: Property 'jmeter.reportgenerator.exporter.json.series_filter' not found, using default value '' instead.
2026-05-19 15:53:02,354 INFO o.a.j.r.c.ReportGeneratorConfiguration: Property 'jmeter.reportgenerator.exporter.json.show_controllers_only' not found, using default value 'false' instead.
2026-05-19 15:53:02,354 INFO o.a.j.r.c.ReportGeneratorConfiguration: Property 'jmeter.reportgenerator.exporter.html.filters_only_sample_series' not found, using default value 'true' instead.
2026-05-19 15:53:02,354 INFO o.a.j.r.c.ReportGeneratorConfiguration: Property 'jmeter.reportgenerator.exporter.html.series_filter' not found, using default value '' instead.
2026-05-19 15:53:02,354 INFO o.a.j.r.c.ReportGeneratorConfiguration: Property 'jmeter.reportgenerator.exporter.html.show_controllers_only' not found, using default value 'false' instead.
2026-05-19 15:53:02,360 INFO o.a.j.e.StandardJMeterEngine: Running the test!
2026-05-19 15:53:02,360 INFO o.a.j.s.SampleEvent: List of sample_variables: []
2026-05-19 15:53:02,360 INFO o.a.j.s.SampleEvent: List of sample_variables: []
2026-05-19 15:53:02,362 INFO o.a.j.e.u.CompoundVariable: Note: Function class names must contain the string: '.functions.'
2026-05-19 15:53:02,362 INFO o.a.j.e.u.CompoundVariable: Note: Function class names must not contain the string: '.gui.'
2026-05-19 15:53:02,383 INFO o.a.j.r.ClassFinder: Will scan jar /opt/homebrew/Cellar/jmeter/5.6.3/libexec/lib/ext/jmeter-plugins-manager-1.9.jar with filter ExtendsClassFilter [parents=[interface org.apache.jmeter.functions.Function], inner=false, contains=null, notContains=null]. Consider exposing JMeter plugins via META-INF/services, and add JMeter-Skip-Class-Scanning=true manifest attribute so JMeter can skip classfile scanning
2026-05-19 15:53:02,418 INFO o.a.j.JMeter: Running test (1779191582418)
2026-05-19 15:53:02,425 INFO o.a.j.e.StandardJMeterEngine: Starting ThreadGroup: 1 : Thread Group
2026-05-19 15:53:02,425 INFO o.a.j.e.StandardJMeterEngine: Starting 5 threads for group Thread Group.
2026-05-19 15:53:02,425 INFO o.a.j.e.StandardJMeterEngine: Thread will continue on error
2026-05-19 15:53:02,425 INFO o.a.j.t.ThreadGroup: Starting thread group... number=1 threads=5 ramp-up=10 delayedStart=false
2026-05-19 15:53:02,428 INFO o.a.j.t.JMeterThread: Thread started: Thread Group 1-1
2026-05-19 15:53:02,428 INFO o.a.j.t.ThreadGroup: Started thread group number 1
2026-05-19 15:53:02,428 INFO o.a.j.e.StandardJMeterEngine: All thread groups have been started
2026-05-19 15:53:02,435 INFO o.a.j.p.h.s.HTTPHCAbstractImpl: Local host = Mac
2026-05-19 15:53:02,438 INFO o.a.j.p.h.s.HTTPHC4Impl: HTTP request retry count = 0
2026-05-19 15:53:02,438 INFO o.a.j.s.SampleResult: Note: Sample TimeStamps are START times
2026-05-19 15:53:02,438 INFO o.a.j.s.SampleResult: sampleresult.default.encoding is set to UTF-8
2026-05-19 15:53:02,438 INFO o.a.j.s.SampleResult: sampleresult.useNanoTime=true
2026-05-19 15:53:02,438 INFO o.a.j.s.SampleResult: sampleresult.nanoThreadSleep=5000
2026-05-19 15:53:02,614 INFO o.a.j.p.h.s.h.LazyLayeredConnectionSocketFactory: Setting up HTTPS TrustAll Socket Factory
2026-05-19 15:53:02,619 INFO o.a.j.u.JsseSSLManager: Using default SSL protocol: TLS
2026-05-19 15:53:02,619 INFO o.a.j.u.JsseSSLManager: SSL session context: per-thread
2026-05-19 15:53:02,782 INFO o.a.j.u.SSLManager: JmeterKeyStore Location:  type JKS
2026-05-19 15:53:02,784 INFO o.a.j.u.SSLManager: KeyStore created OK
2026-05-19 15:53:02,785 WARN o.a.j.u.SSLManager: Keystore file not found, loading empty keystore
2026-05-19 15:53:03,906 INFO o.a.j.r.Summariser: summary +      1 in 00:00:01 =    0.7/s Avg:  1436 Min:  1436 Max:  1436 Err:     0 (0.00%) Active: 1 Started: 1 Finished: 0
2026-05-19 15:53:04,429 INFO o.a.j.t.JMeterThread: Thread started: Thread Group 1-2
2026-05-19 15:53:05,683 INFO o.a.j.t.JMeterThread: Thread is done: Thread Group 1-1
2026-05-19 15:53:05,683 INFO o.a.j.t.JMeterThread: Thread finished: Thread Group 1-1
2026-05-19 15:53:06,311 INFO o.a.j.t.JMeterThread: Thread is done: Thread Group 1-2
2026-05-19 15:53:06,311 INFO o.a.j.t.JMeterThread: Thread finished: Thread Group 1-2
2026-05-19 15:53:06,430 INFO o.a.j.t.JMeterThread: Thread started: Thread Group 1-3
2026-05-19 15:53:08,429 INFO o.a.j.t.JMeterThread: Thread started: Thread Group 1-4
2026-05-19 15:53:09,169 INFO o.a.j.t.JMeterThread: Thread is done: Thread Group 1-3
2026-05-19 15:53:09,170 INFO o.a.j.t.JMeterThread: Thread finished: Thread Group 1-3
2026-05-19 15:53:10,430 INFO o.a.j.t.JMeterThread: Thread started: Thread Group 1-5
2026-05-19 15:53:10,933 INFO o.a.j.t.JMeterThread: Thread is done: Thread Group 1-4
2026-05-19 15:53:10,934 INFO o.a.j.t.JMeterThread: Thread finished: Thread Group 1-4
2026-05-19 15:53:12,578 INFO o.a.j.t.JMeterThread: Thread is done: Thread Group 1-5
2026-05-19 15:53:12,578 INFO o.a.j.t.JMeterThread: Thread finished: Thread Group 1-5
2026-05-19 15:53:12,578 INFO o.a.j.e.StandardJMeterEngine: Notifying test listeners of end of test
2026-05-19 15:53:12,579 INFO o.a.j.r.Summariser: summary +     19 in 00:00:09 =    2.2/s Avg:   578 Min:     0 Max:  1280 Err:     0 (0.00%) Active: 0 Started: 5 Finished: 5
2026-05-19 15:53:12,580 INFO o.a.j.r.Summariser: summary =     20 in 00:00:10 =    2.0/s Avg:   621 Min:     0 Max:  1436 Err:     0 (0.00%)
2026-05-19 15:53:12,580 INFO o.a.j.JMeter: Generating Dashboard
2026-05-19 15:53:12,580 INFO o.a.j.r.d.ReportGenerator: Flushing result collector before report Generation
2026-05-19 15:53:12,600 INFO o.a.j.r.p.NormalizerSampleConsumer: Using format, 'ms', to parse timeStamp field
2026-05-19 15:53:12,639 INFO o.a.j.r.p.AbstractSampleConsumer: class org.apache.jmeter.report.processor.AggregateConsumer#stopProducing(): beginDate produced 0 samples
2026-05-19 15:53:12,639 INFO o.a.j.r.p.AbstractSampleConsumer: class org.apache.jmeter.report.processor.AggregateConsumer#stopProducing(): endDate produced 0 samples
2026-05-19 15:53:12,640 INFO o.a.j.r.p.AbstractSampleConsumer: class org.apache.jmeter.report.processor.ApdexSummaryConsumer#stopProducing(): apdexSummary produced 0 samples
2026-05-19 15:53:12,640 INFO o.a.j.r.p.AbstractSampleConsumer: class org.apache.jmeter.report.processor.RequestsSummaryConsumer#stopProducing(): requestsSummary produced 0 samples
2026-05-19 15:53:12,642 INFO o.a.j.r.p.AbstractSampleConsumer: class org.apache.jmeter.report.processor.StatisticsSummaryConsumer#stopProducing(): statisticsSummary produced 0 samples
2026-05-19 15:53:12,643 INFO o.a.j.r.p.AbstractSampleConsumer: class org.apache.jmeter.report.processor.Top5ErrorsBySamplerConsumer#stopProducing(): top5ErrorsBySampler produced 0 samples
2026-05-19 15:53:12,643 INFO o.a.j.r.p.AbstractSampleConsumer: class org.apache.jmeter.report.processor.ErrorsSummaryConsumer#stopProducing(): errorsSummary produced 0 samples
2026-05-19 15:53:12,643 INFO o.a.j.r.p.AbstractSampleConsumer: class org.apache.jmeter.report.processor.graph.impl.HitsPerSecondGraphConsumer#stopProducing(): hitsPerSecond produced 0 samples
2026-05-19 15:53:12,650 INFO o.a.j.r.p.AbstractSampleConsumer: class org.apache.jmeter.report.processor.graph.impl.LatencyVSRequestGraphConsumer#stopProducing(): latencyVsRequest produced 0 samples
2026-05-19 15:53:12,650 INFO o.a.j.r.p.AbstractSampleConsumer: class org.apache.jmeter.report.processor.graph.impl.SyntheticResponseTimeDistributionGraphConsumer#stopProducing(): syntheticResponseTimeDistribution produced 0 samples
2026-05-19 15:53:12,650 INFO o.a.j.r.p.AbstractSampleConsumer: class org.apache.jmeter.report.processor.graph.impl.BytesThroughputGraphConsumer#stopProducing(): bytesThroughputOverTime produced 0 samples
2026-05-19 15:53:12,650 INFO o.a.j.r.p.AbstractSampleConsumer: class org.apache.jmeter.report.processor.graph.impl.CodesPerSecondGraphConsumer#stopProducing(): codesPerSecond produced 0 samples
2026-05-19 15:53:12,652 INFO o.a.j.r.p.AbstractSampleConsumer: class org.apache.jmeter.report.processor.graph.impl.ResponseTimeVSRequestGraphConsumer#stopProducing(): responseTimeVsRequest produced 0 samples
2026-05-19 15:53:12,652 INFO o.a.j.r.p.AbstractSampleConsumer: class org.apache.jmeter.report.processor.FilterConsumer#stopProducing(): startIntervalControlerFilter produced 210 samples
2026-05-19 15:53:12,652 INFO o.a.j.r.p.AbstractSampleConsumer: class org.apache.jmeter.report.processor.graph.impl.TotalTPSGraphConsumer#stopProducing(): totalTPS produced 0 samples
2026-05-19 15:53:12,652 INFO o.a.j.r.p.AbstractSampleConsumer: class org.apache.jmeter.report.processor.graph.impl.ActiveThreadsGraphConsumer#stopProducing(): activeThreadsOverTime produced 0 samples
2026-05-19 15:53:12,652 INFO o.a.j.r.p.AbstractSampleConsumer: class org.apache.jmeter.report.processor.graph.impl.TimeVSThreadGraphConsumer#stopProducing(): timeVsThreads produced 0 samples
2026-05-19 15:53:12,652 INFO o.a.j.r.p.AbstractSampleConsumer: class org.apache.jmeter.report.processor.graph.impl.ResponseTimeDistributionGraphConsumer#stopProducing(): responseTimeDistribution produced 0 samples
2026-05-19 15:53:12,652 INFO o.a.j.r.p.AbstractSampleConsumer: class org.apache.jmeter.report.processor.graph.impl.TransactionsPerSecondGraphConsumer#stopProducing(): transactionsPerSecond produced 0 samples
2026-05-19 15:53:12,652 INFO o.a.j.r.p.AbstractSampleConsumer: class org.apache.jmeter.report.processor.graph.impl.ResponseTimePercentilesGraphConsumer#stopProducing(): responseTimePercentiles produced 0 samples
2026-05-19 15:53:12,654 INFO o.a.j.r.p.AbstractSampleConsumer: class org.apache.jmeter.report.processor.graph.impl.ResponseTimePercentilesOverTimeGraphConsumer#stopProducing(): responseTimePercentilesOverTime produced 0 samples
2026-05-19 15:53:12,654 INFO o.a.j.r.p.AbstractSampleConsumer: class org.apache.jmeter.report.processor.graph.impl.ResponseTimeOverTimeGraphConsumer#stopProducing(): responseTimesOverTime produced 0 samples
2026-05-19 15:53:12,654 INFO o.a.j.r.p.AbstractSampleConsumer: class org.apache.jmeter.report.processor.graph.impl.ConnectTimeOverTimeGraphConsumer#stopProducing(): connectTimeOverTime produced 0 samples
2026-05-19 15:53:12,654 INFO o.a.j.r.p.AbstractSampleConsumer: class org.apache.jmeter.report.processor.graph.impl.LatencyOverTimeGraphConsumer#stopProducing(): latenciesOverTime produced 0 samples
2026-05-19 15:53:12,654 INFO o.a.j.r.p.AbstractSampleConsumer: class org.apache.jmeter.report.processor.FilterConsumer#stopProducing(): nameFilter produced 450 samples
2026-05-19 15:53:12,654 INFO o.a.j.r.p.AbstractSampleConsumer: class org.apache.jmeter.report.processor.FilterConsumer#stopProducing(): dateRangeFilter produced 90 samples
2026-05-19 15:53:12,654 INFO o.a.j.r.p.AbstractSampleConsumer: class org.apache.jmeter.report.processor.NormalizerSampleConsumer#stopProducing(): normalizer produced 30 samples
2026-05-19 15:53:12,654 INFO o.a.j.r.p.CsvFileSampleSource: produce(): 30 samples produced in 37ms on channel 0
2026-05-19 15:53:12,654 INFO o.a.j.r.d.ReportGenerator: Exporting data using exporter:'json' of className:'org.apache.jmeter.report.dashboard.JsonExporter'
2026-05-19 15:53:12,691 INFO o.a.j.r.d.JsonExporter: Found data for consumer statisticsSummary in context
2026-05-19 15:53:12,691 INFO o.a.j.r.d.JsonExporter: Creating statistics for overall
2026-05-19 15:53:12,692 INFO o.a.j.r.d.JsonExporter: Creating statistics for other transactions
2026-05-19 15:53:12,692 INFO o.a.j.r.d.JsonExporter: Checking output folder
2026-05-19 15:53:12,692 INFO o.a.j.r.d.JsonExporter: Writing statistics JSON to /Users/naqashthaheem/PyCharmMiscProject/cloudpos4u-qa/reports/jmeter-report/statistics.json
2026-05-19 15:53:12,707 INFO o.a.j.r.d.ReportGenerator: Exporting data using exporter:'html' of className:'org.apache.jmeter.report.dashboard.HtmlTemplateExporter'
2026-05-19 15:53:12,707 INFO o.a.j.r.d.HtmlTemplateExporter: Will generate dashboard in folder: /Users/naqashthaheem/PyCharmMiscProject/cloudpos4u-qa/reports/jmeter-report
2026-05-19 15:53:12,752 INFO o.a.j.r.d.HtmlTemplateExporter: Report will be generated in: /Users/naqashthaheem/PyCharmMiscProject/cloudpos4u-qa/reports/jmeter-report, creating folder structure
2026-05-19 15:53:12,753 INFO o.a.j.r.d.TemplateVisitor: Copying folder from '/opt/homebrew/Cellar/jmeter/5.6.3/libexec/bin/report-template' to '/Users/naqashthaheem/PyCharmMiscProject/cloudpos4u-qa/reports/jmeter-report', got message: /Users/naqashthaheem/PyCharmMiscProject/cloudpos4u-qa/reports/jmeter-report, found non empty folder with following content [/Users/naqashthaheem/PyCharmMiscProject/cloudpos4u-qa/reports/jmeter-report/statistics.json], will be ignored
2026-05-19 15:53:12,864 INFO o.a.j.JMeter: Dashboard generated
